#
# There is insufficient memory for the Java Runtime Environment to continue.
# Native memory allocation (malloc) failed to allocate 32744 bytes. Error detail: Chunk::new
# Possible reasons:
#   The system is out of physical RAM or swap space
#   This process is running with CompressedOops enabled, and the Java Heap may be blocking the growth of the native heap
# Possible solutions:
#   Reduce memory load on the system
#   Increase physical memory or swap space
#   Check if swap backing store is full
#   Decrease Java heap size (-Xmx/-Xms)
#   Decrease number of Java threads
#   Decrease Java thread stack sizes (-Xss)
#   Set larger code cache with -XX:ReservedCodeCacheSize=
#   JVM is running with Unscaled Compressed Oops mode in which the Java heap is
#     placed in the first 4GB address space. The Java Heap base address is the
#     maximum limit for the native heap growth. Please use -XX:HeapBaseMinAddress
#     to set the Java Heap base and to place the Java Heap above 4GB virtual address.
# This output file may be truncated or incomplete.
#
#  Out of Memory Error (arena.cpp:168), pid=12040, tid=9352
#
# JRE version: OpenJDK Runtime Environment Temurin-21.0.7+6 (21.0.7+6) (build 21.0.7+6-LTS)
# Java VM: OpenJDK 64-Bit Server VM Temurin-21.0.7+6 (21.0.7+6-LTS, mixed mode, sharing, tiered, compressed oops, compressed class ptrs, parallel gc, windows-amd64)
# No core dump will be written. Minidumps are not enabled by default on client versions of Windows
#

---------------  S U M M A R Y ------------

Command Line: --add-modules=ALL-SYSTEM --add-opens=java.base/java.util=ALL-UNNAMED --add-opens=java.base/java.lang=ALL-UNNAMED --add-opens=java.base/sun.nio.fs=ALL-UNNAMED -Declipse.application=org.eclipse.jdt.ls.core.id1 -Dosgi.bundles.defaultStartLevel=4 -Declipse.product=org.eclipse.jdt.ls.core.product -Djava.import.generatesMetadataFilesAtProjectRoot=false -DDetectVMInstallationsJob.disabled=true -Dfile.encoding=utf8 -XX:+UseParallelGC -XX:GCTimeRatio=4 -XX:AdaptiveSizePolicyWeight=90 -Dsun.zip.disableMemoryMapping=true -Xmx2G -Xms100m -Xlog:disable -javaagent:c:\Users\Anmol Kumar\.vscode\extensions\redhat.java-1.43.1-win32-x64\lombok\lombok-1.18.39-4050.jar -XX:+HeapDumpOnOutOfMemoryError -XX:HeapDumpPath=c:\Users\Anmol Kumar\AppData\Roaming\Code\User\workspaceStorage\935415d9083aeb168a5442e986ac461d\redhat.java -Daether.dependencyCollector.impl=bf c:\Users\Anmol Kumar\.vscode\extensions\redhat.java-1.43.1-win32-x64\server\plugins\org.eclipse.equinox.launcher_1.7.0.v20250519-0528.jar -configuration c:\Users\Anmol Kumar\AppData\Roaming\Code\User\globalStorage\redhat.java\1.43.1\config_win -data c:\Users\Anmol Kumar\AppData\Roaming\Code\User\workspaceStorage\935415d9083aeb168a5442e986ac461d\redhat.java\jdt_ws --pipe=\\.\pipe\lsp-45b203166952030716b794f0251bf064-sock

Host: Intel(R) Core(TM) i3-7020U CPU @ 2.30GHz, 4 cores, 7G,  Windows 10 , 64 bit Build 19041 (10.0.19041.5915)
Time: Mon Jul 14 11:35:44 2025 India Standard Time elapsed time: 194.942993 seconds (0d 0h 3m 14s)

---------------  T H R E A D  ---------------

Current thread (0x0000025a56d76700):  JavaThread "C2 CompilerThread0" daemon [_thread_in_native, id=9352, stack(0x000000dc9e300000,0x000000dc9e400000) (1024K)]


Current CompileTask:
C2:194943 12073   !   4       org.eclipse.osgi.internal.loader.classpath.ClasspathManager::defineClass (636 bytes)

Stack: [0x000000dc9e300000,0x000000dc9e400000]
Native frames: (J=compiled Java code, j=interpreted, Vv=VM code, C=native code)
V  [jvm.dll+0x6ce119]
V  [jvm.dll+0x8a84a1]
V  [jvm.dll+0x8aa9ce]
V  [jvm.dll+0x8ab0b3]
V  [jvm.dll+0x27f8a6]
V  [jvm.dll+0xc507d]
V  [jvm.dll+0xc55b3]
V  [jvm.dll+0x6e4f2a]
V  [jvm.dll+0x6e836e]
V  [jvm.dll+0x6e0553]
V  [jvm.dll+0x6dfc6e]
V  [jvm.dll+0x6ddd5c]
V  [jvm.dll+0x1ca64c]
V  [jvm.dll+0x1cb1cc]
V  [jvm.dll+0x2f1e7c]
V  [jvm.dll+0x6e8562]
V  [jvm.dll+0x6e0553]
V  [jvm.dll+0x6dfc6e]
V  [jvm.dll+0x6ddd5c]
V  [jvm.dll+0x1ca64c]
V  [jvm.dll+0x1cb1cc]
V  [jvm.dll+0x2f1e7c]
V  [jvm.dll+0x6e8562]
V  [jvm.dll+0x6e0553]
V  [jvm.dll+0x6dfc6e]
V  [jvm.dll+0x6ddd5c]
V  [jvm.dll+0x1ca64c]
V  [jvm.dll+0x1cb1cc]
V  [jvm.dll+0x2f1e7c]
V  [jvm.dll+0x6e8562]
V  [jvm.dll+0x6e0553]
V  [jvm.dll+0x6dfc6e]
V  [jvm.dll+0x6ddd5c]
V  [jvm.dll+0x1ca64c]
V  [jvm.dll+0x1cb1cc]
V  [jvm.dll+0x2f1e7c]
V  [jvm.dll+0x6e8562]
V  [jvm.dll+0x6e0553]
V  [jvm.dll+0x6dfc6e]
V  [jvm.dll+0x6ddd5c]
V  [jvm.dll+0x1ca64c]
V  [jvm.dll+0x1cb1cc]
V  [jvm.dll+0x2f1e7c]
V  [jvm.dll+0x6e8562]
V  [jvm.dll+0x6e0553]
V  [jvm.dll+0x6dfc6e]
V  [jvm.dll+0x6ddd5c]
V  [jvm.dll+0x1ca64c]
V  [jvm.dll+0x246c3e]
V  [jvm.dll+0x1c760e]
V  [jvm.dll+0x25695a]
V  [jvm.dll+0x254efa]
V  [jvm.dll+0x3f03f6]
V  [jvm.dll+0x851f6b]
V  [jvm.dll+0x6cc7dd]
C  [ucrtbase.dll+0x21bb2]
C  [KERNEL32.DLL+0x17374]
C  [ntdll.dll+0x4cc91]


---------------  P R O C E S S  ---------------

Threads class SMR info:
_java_thread_list=0x0000025a9e630c90, length=40, elements={
0x0000025a4038f360, 0x0000025a56d682c0, 0x0000025a56d69bc0, 0x0000025a56d6b4c0,
0x0000025a56d6c3d0, 0x0000025a56d6f470, 0x0000025a56d70ed0, 0x0000025a56d76700,
0x0000025a56d964e0, 0x0000025a404585b0, 0x0000025a98d047f0, 0x0000025a9d396110,
0x0000025a9d853650, 0x0000025a9d78b4f0, 0x0000025a9d78bb50, 0x0000025a9db1c4d0,
0x0000025a9d8b7fd0, 0x0000025a9d1da500, 0x0000025a9d1d8ac0, 0x0000025a9d1dab90,
0x0000025a9d1db8b0, 0x0000025a9d1dbf40, 0x0000025a9e522410, 0x0000025a9e522aa0,
0x0000025a9e521d80, 0x0000025a9e523130, 0x0000025a9e5244e0, 0x0000025a9e5237c0,
0x0000025a9e521060, 0x0000025aa0a03dd0, 0x0000025aa0a08c90, 0x0000025aa0a0a040,
0x0000025aa0a0a6d0, 0x0000025aa0a09320, 0x0000025aa0a05180, 0x0000025aa0a078e0,
0x0000025aa0a0b3f0, 0x0000025aa0a05810, 0x0000025aa0a099b0, 0x0000025aa0a0ad60
}

Java Threads: ( => current thread )
  0x0000025a4038f360 JavaThread "main"                              [_thread_blocked, id=5068, stack(0x000000dc9d800000,0x000000dc9d900000) (1024K)]
  0x0000025a56d682c0 JavaThread "Reference Handler"          daemon [_thread_blocked, id=7652, stack(0x000000dc9dd00000,0x000000dc9de00000) (1024K)]
  0x0000025a56d69bc0 JavaThread "Finalizer"                  daemon [_thread_blocked, id=10276, stack(0x000000dc9de00000,0x000000dc9df00000) (1024K)]
  0x0000025a56d6b4c0 JavaThread "Signal Dispatcher"          daemon [_thread_blocked, id=8136, stack(0x000000dc9df00000,0x000000dc9e000000) (1024K)]
  0x0000025a56d6c3d0 JavaThread "Attach Listener"            daemon [_thread_blocked, id=13836, stack(0x000000dc9e000000,0x000000dc9e100000) (1024K)]
  0x0000025a56d6f470 JavaThread "Service Thread"             daemon [_thread_blocked, id=5188, stack(0x000000dc9e100000,0x000000dc9e200000) (1024K)]
  0x0000025a56d70ed0 JavaThread "Monitor Deflation Thread"   daemon [_thread_blocked, id=1096, stack(0x000000dc9e200000,0x000000dc9e300000) (1024K)]
=>0x0000025a56d76700 JavaThread "C2 CompilerThread0"         daemon [_thread_in_native, id=9352, stack(0x000000dc9e300000,0x000000dc9e400000) (1024K)]
  0x0000025a56d964e0 JavaThread "C1 CompilerThread0"         daemon [_thread_blocked, id=9176, stack(0x000000dc9e400000,0x000000dc9e500000) (1024K)]
  0x0000025a404585b0 JavaThread "Common-Cleaner"             daemon [_thread_blocked, id=7596, stack(0x000000dc9e500000,0x000000dc9e600000) (1024K)]
  0x0000025a98d047f0 JavaThread "Notification Thread"        daemon [_thread_blocked, id=620, stack(0x000000dc9e600000,0x000000dc9e700000) (1024K)]
  0x0000025a9d396110 JavaThread "Active Thread: Equinox Container: 18584220-95b5-4142-b378-4ad0a7a70fe6"        [_thread_blocked, id=6288, stack(0x000000dc9eb00000,0x000000dc9ec00000) (1024K)]
  0x0000025a9d853650 JavaThread "Refresh Thread: Equinox Container: 18584220-95b5-4142-b378-4ad0a7a70fe6" daemon [_thread_blocked, id=8056, stack(0x000000dc9ec00000,0x000000dc9ed00000) (1024K)]
  0x0000025a9d78b4f0 JavaThread "Framework Event Dispatcher: Equinox Container: 18584220-95b5-4142-b378-4ad0a7a70fe6" daemon [_thread_blocked, id=13080, stack(0x000000dc9ed00000,0x000000dc9ee00000) (1024K)]
  0x0000025a9d78bb50 JavaThread "Start Level: Equinox Container: 18584220-95b5-4142-b378-4ad0a7a70fe6" daemon [_thread_blocked, id=12340, stack(0x000000dc9ee00000,0x000000dc9ef00000) (1024K)]
  0x0000025a9db1c4d0 JavaThread "Bundle File Closer"         daemon [_thread_blocked, id=5780, stack(0x000000dc9ef00000,0x000000dc9f000000) (1024K)]
  0x0000025a9d8b7fd0 JavaThread "SCR Component Actor"        daemon [_thread_blocked, id=14124, stack(0x000000dc9f000000,0x000000dc9f100000) (1024K)]
  0x0000025a9d1da500 JavaThread "Worker-JM"                         [_thread_blocked, id=10392, stack(0x000000dc9f100000,0x000000dc9f200000) (1024K)]
  0x0000025a9d1d8ac0 JavaThread "Worker-0"                          [_thread_blocked, id=3280, stack(0x000000dc9f200000,0x000000dc9f300000) (1024K)]
  0x0000025a9d1dab90 JavaThread "Java indexing"              daemon [_thread_blocked, id=11044, stack(0x000000dc9f700000,0x000000dc9f800000) (1024K)]
  0x0000025a9d1db8b0 JavaThread "JNA Cleaner"                daemon [_thread_blocked, id=4528, stack(0x000000dc9e700000,0x000000dc9e800000) (1024K)]
  0x0000025a9d1dbf40 JavaThread "Worker-4"                          [_thread_blocked, id=260, stack(0x000000dc9f900000,0x000000dc9fa00000) (1024K)]
  0x0000025a9e522410 JavaThread "Thread-2"                   daemon [_thread_in_native, id=6756, stack(0x000000dc9fc00000,0x000000dc9fd00000) (1024K)]
  0x0000025a9e522aa0 JavaThread "Thread-3"                   daemon [_thread_in_native, id=12092, stack(0x000000dc9fd00000,0x000000dc9fe00000) (1024K)]
  0x0000025a9e521d80 JavaThread "Thread-4"                   daemon [_thread_in_native, id=13780, stack(0x000000dc9fe00000,0x000000dc9ff00000) (1024K)]
  0x0000025a9e523130 JavaThread "Thread-5"                   daemon [_thread_in_native, id=7032, stack(0x000000dc9ff00000,0x000000dca0000000) (1024K)]
  0x0000025a9e5244e0 JavaThread "Thread-6"                   daemon [_thread_in_native, id=1076, stack(0x000000dca0000000,0x000000dca0100000) (1024K)]
  0x0000025a9e5237c0 JavaThread "pool-2-thread-1"                   [_thread_blocked, id=1492, stack(0x000000dca0100000,0x000000dca0200000) (1024K)]
  0x0000025a9e521060 JavaThread "WorkspaceEventsHandler"            [_thread_blocked, id=13896, stack(0x000000dca0200000,0x000000dca0300000) (1024K)]
  0x0000025aa0a03dd0 JavaThread "pool-1-thread-1"                   [_thread_blocked, id=14296, stack(0x000000dca0300000,0x000000dca0400000) (1024K)]
  0x0000025aa0a08c90 JavaThread "Compiler Source File Reader" daemon [_thread_blocked, id=6064, stack(0x000000dca0600000,0x000000dca0700000) (1024K)]
  0x0000025aa0a0a040 JavaThread "Compiler Source File Reader" daemon [_thread_blocked, id=14096, stack(0x000000dca0700000,0x000000dca0800000) (1024K)]
  0x0000025aa0a0a6d0 JavaThread "Compiler Class File Writer" daemon [_thread_blocked, id=13424, stack(0x000000dca0500000,0x000000dca0600000) (1024K)]
  0x0000025aa0a09320 JavaThread "ForkJoinPool.commonPool-worker-1" daemon [_thread_blocked, id=11196, stack(0x000000dca0900000,0x000000dca0a00000) (1024K)]
  0x0000025aa0a05180 JavaThread "Compiler Class File Writer" daemon [_thread_blocked, id=10920, stack(0x000000dca0a00000,0x000000dca0b00000) (1024K)]
  0x0000025aa0a078e0 JavaThread "ForkJoinPool.commonPool-worker-2" daemon [_thread_blocked, id=2220, stack(0x000000dca0b00000,0x000000dca0c00000) (1024K)]
  0x0000025aa0a0b3f0 JavaThread "ForkJoinPool.commonPool-worker-3" daemon [_thread_in_vm, id=8196, stack(0x000000dca0c00000,0x000000dca0d00000) (1024K)]
  0x0000025aa0a05810 JavaThread "Cleaner-0"                  daemon [_thread_blocked, id=6916, stack(0x000000dca0d00000,0x000000dca0e00000) (1024K)]
  0x0000025aa0a099b0 JavaThread "Compiler Processing Task"   daemon [_thread_blocked, id=10548, stack(0x000000dc9d700000,0x000000dc9d800000) (1024K)]
  0x0000025aa0a0ad60 JavaThread "Worker-6"                          [_thread_blocked, id=9948, stack(0x000000dc9d600000,0x000000dc9d700000) (1024K)]
Total: 40

Other Threads:
  0x0000025a56d4e2e0 VMThread "VM Thread"                           [id=10256, stack(0x000000dc9db00000,0x000000dc9dc00000) (1024K)]
  0x0000025a40457510 WatcherThread "VM Periodic Task Thread"        [id=9572, stack(0x000000dc9da00000,0x000000dc9db00000) (1024K)]
  0x0000025a403aeeb0 WorkerThread "GC Thread#0"                     [id=14292, stack(0x000000dc9d900000,0x000000dc9da00000) (1024K)]
  0x0000025a9d7b8440 WorkerThread "GC Thread#1"                     [id=11368, stack(0x000000dc9e800000,0x000000dc9e900000) (1024K)]
  0x0000025a9d7b87e0 WorkerThread "GC Thread#2"                     [id=8820, stack(0x000000dc9e900000,0x000000dc9ea00000) (1024K)]
  0x0000025a9d7b8b80 WorkerThread "GC Thread#3"                     [id=5588, stack(0x000000dc9ea00000,0x000000dc9eb00000) (1024K)]
Total: 6

Threads with active compile tasks:
C2 CompilerThread0  195049 12073   !   4       org.eclipse.osgi.internal.loader.classpath.ClasspathManager::defineClass (636 bytes)
Total: 1

VM state: not at safepoint (normal execution)

VM Mutex/Monitor currently owned by a thread: None

Heap address: 0x0000000080000000, size: 2048 MB, Compressed Oops mode: 32-bit

CDS archive(s) mapped at: [0x0000025a57000000-0x0000025a57ba0000-0x0000025a57ba0000), size 12189696, SharedBaseAddress: 0x0000025a57000000, ArchiveRelocationMode: 1.
Compressed class space mapped at: 0x0000025a58000000-0x0000025a98000000, reserved size: 1073741824
Narrow klass base: 0x0000025a57000000, Narrow klass shift: 0, Narrow klass range: 0x100000000

GC Precious Log:
 CardTable entry size: 512
 CPUs: 4 total, 4 available
 Memory: 7611M
 Large Page Support: Disabled
 NUMA Support: Disabled
 Compressed Oops: Enabled (32-bit)
 Alignments: Space 512K, Generation 512K, Heap 2M
 Heap Min Capacity: 100M
 Heap Initial Capacity: 100M
 Heap Max Capacity: 2G
 Pre-touch: Disabled
 Parallel Workers: 4

Heap:
 PSYoungGen      total 8704K, used 4694K [0x00000000d5580000, 0x00000000d6300000, 0x0000000100000000)
  eden space 7168K, 46% used [0x00000000d5580000,0x00000000d58c99f0,0x00000000d5c80000)
  from space 1536K, 86% used [0x00000000d5d80000,0x00000000d5ecc000,0x00000000d5f00000)
  to   space 2048K, 0% used [0x00000000d6100000,0x00000000d6100000,0x00000000d6300000)
 ParOldGen       total 543232K, used 543189K [0x0000000080000000, 0x00000000a1280000, 0x00000000d5580000)
  object space 543232K, 99% used [0x0000000080000000,0x00000000a1275648,0x00000000a1280000)
 Metaspace       used 73902K, committed 75392K, reserved 1179648K
  class space    used 7779K, committed 8448K, reserved 1048576K

Card table byte_map: [0x0000025a3fd40000,0x0000025a40150000] _byte_map_base: 0x0000025a3f940000

Marking Bits: (ParMarkBitMap*) 0x00007ffd25b331f0
 Begin Bits: [0x0000025a52840000, 0x0000025a54840000)
 End Bits:   [0x0000025a54840000, 0x0000025a56840000)

Polling page: 0x0000025a3e380000

Metaspace:

Usage:
  Non-class:     64.57 MB used.
      Class:      7.60 MB used.
       Both:     72.17 MB used.

Virtual space:
  Non-class space:      128.00 MB reserved,      65.38 MB ( 51%) committed,  2 nodes.
      Class space:        1.00 GB reserved,       8.25 MB ( <1%) committed,  1 nodes.
             Both:        1.12 GB reserved,      73.62 MB (  6%) committed. 

Chunk freelists:
   Non-Class:  13.80 MB
       Class:  7.73 MB
        Both:  21.53 MB

MaxMetaspaceSize: unlimited
CompressedClassSpaceSize: 1.00 GB
Initial GC threshold: 21.00 MB
Current GC threshold: 97.31 MB
CDS: on
 - commit_granule_bytes: 65536.
 - commit_granule_words: 8192.
 - virtual_space_node_default_size: 8388608.
 - enlarge_chunks_in_place: 1.
 - use_allocation_guard: 0.


Internal statistics:

num_allocs_failed_limit: 9.
num_arena_births: 1140.
num_arena_deaths: 14.
num_vsnodes_births: 3.
num_vsnodes_deaths: 0.
num_space_committed: 1178.
num_space_uncommitted: 0.
num_chunks_returned_to_freelist: 23.
num_chunks_taken_from_freelist: 4411.
num_chunk_merges: 13.
num_chunk_splits: 2720.
num_chunks_enlarged: 1582.
num_inconsistent_stats: 0.

CodeHeap 'non-profiled nmethods': size=120000Kb used=9635Kb max_used=9635Kb free=110365Kb
 bounds [0x0000025a4b060000, 0x0000025a4b9d0000, 0x0000025a52590000]
CodeHeap 'profiled nmethods': size=120000Kb used=26246Kb max_used=26246Kb free=93753Kb
 bounds [0x0000025a43590000, 0x0000025a44f40000, 0x0000025a4aac0000]
CodeHeap 'non-nmethods': size=5760Kb used=1491Kb max_used=1577Kb free=4268Kb
 bounds [0x0000025a4aac0000, 0x0000025a4ad30000, 0x0000025a4b060000]
 total_blobs=12067 nmethods=11251 adapters=720
 compilation: enabled
              stopped_count=0, restarted_count=0
 full_count=0

Compilation events (20 events):
Event: 181.394 Thread 0x0000025aa1280af0 nmethod 12043 0x0000025a4b9bf290 code [0x0000025a4b9bf480, 0x0000025a4b9bff18]
Event: 181.633 Thread 0x0000025a56d76700 nmethod 12065 0x0000025a4b9c0590 code [0x0000025a4b9c0c80, 0x0000025a4b9c5298]
Event: 182.577 Thread 0x0000025a56d964e0 12066       3       org.eclipse.lsp4j.jsonrpc.messages.Either::get (26 bytes)
Event: 182.577 Thread 0x0000025a56d964e0 nmethod 12066 0x0000025a44f26410 code [0x0000025a44f265c0, 0x0000025a44f26790]
Event: 185.476 Thread 0x0000025a56d964e0 12067       3       java.util.concurrent.ThreadPoolExecutor::runStateAtLeast (11 bytes)
Event: 185.476 Thread 0x0000025a56d964e0 nmethod 12067 0x0000025a44f26810 code [0x0000025a44f269a0, 0x0000025a44f26ae0]
Event: 194.820 Thread 0x0000025a56d964e0 12068       3       org.eclipse.jface.text.AbstractDocument::get (15 bytes)
Event: 194.821 Thread 0x0000025a56d76700 12069       4       lombok.core.configuration.ConfigurationFile::hashCode (8 bytes)
Event: 194.821 Thread 0x0000025a56d964e0 nmethod 12068 0x0000025a44f26b90 code [0x0000025a44f26de0, 0x0000025a44f277c0]
Event: 194.826 Thread 0x0000025a56d76700 nmethod 12069 0x0000025a4b9c8510 code [0x0000025a4b9c86c0, 0x0000025a4b9c8808]
Event: 194.827 Thread 0x0000025a56d964e0 12070   !   3       sun.net.www.protocol.jar.JarFileFactory::close (46 bytes)
Event: 194.828 Thread 0x0000025a56d964e0 nmethod 12070 0x0000025a44f27b10 code [0x0000025a44f27d00, 0x0000025a44f28208]
Event: 194.829 Thread 0x0000025a56d76700 12071       4       java.lang.CharacterDataLatin1::getType (11 bytes)
Event: 194.829 Thread 0x0000025a56d964e0 12072       3       sun.net.www.protocol.jar.URLJarFile::<init> (32 bytes)
Event: 194.830 Thread 0x0000025a56d964e0 nmethod 12072 0x0000025a44f28410 code [0x0000025a44f285e0, 0x0000025a44f28870]
Event: 194.830 Thread 0x0000025a56d76700 nmethod 12071 0x0000025a4b9c8910 code [0x0000025a4b9c8aa0, 0x0000025a4b9c8b60]
Event: 194.885 Thread 0x0000025a56d76700 12073   !   4       org.eclipse.osgi.internal.loader.classpath.ClasspathManager::defineClass (636 bytes)
Event: 194.934 Thread 0x0000025a56d964e0 12077       3       org.eclipse.jdt.internal.core.search.matching.JavaSearchNameEnvironment::addPackageNameToIndex (45 bytes)
Event: 194.935 Thread 0x0000025a56d964e0 nmethod 12077 0x0000025a44f28a10 code [0x0000025a44f28c40, 0x0000025a44f29350]
Event: 194.939 Thread 0x0000025a56d964e0 12078       3       org.eclipse.jdt.internal.core.builder.ClasspathLocation::areAllModuleOptionsEqual (281 bytes)

GC Heap History (20 events):
Event: 130.730 GC heap before
{Heap before GC invocations=307 (full 3):
 PSYoungGen      total 7680K, used 7680K [0x00000000d5580000, 0x00000000d6280000, 0x0000000100000000)
  eden space 7168K, 100% used [0x00000000d5580000,0x00000000d5c80000,0x00000000d5c80000)
  from space 512K, 100% used [0x00000000d5c80000,0x00000000d5d00000,0x00000000d5d00000)
  to   space 1024K, 0% used [0x00000000d6180000,0x00000000d6180000,0x00000000d6280000)
 ParOldGen       total 527360K, used 526911K [0x0000000080000000, 0x00000000a0300000, 0x00000000d5580000)
  object space 527360K, 99% used [0x0000000080000000,0x00000000a028ff50,0x00000000a0300000)
 Metaspace       used 72356K, committed 73856K, reserved 1179648K
  class space    used 7615K, committed 8256K, reserved 1048576K
}
Event: 130.736 GC heap after
{Heap after GC invocations=307 (full 3):
 PSYoungGen      total 7680K, used 416K [0x00000000d5580000, 0x00000000d6200000, 0x0000000100000000)
  eden space 7168K, 0% used [0x00000000d5580000,0x00000000d5580000,0x00000000d5c80000)
  from space 512K, 81% used [0x00000000d6180000,0x00000000d61e8000,0x00000000d6200000)
  to   space 512K, 0% used [0x00000000d5c80000,0x00000000d5c80000,0x00000000d5d00000)
 ParOldGen       total 527360K, used 527345K [0x0000000080000000, 0x00000000a0300000, 0x00000000d5580000)
  object space 527360K, 99% used [0x0000000080000000,0x00000000a02fc660,0x00000000a0300000)
 Metaspace       used 72356K, committed 73856K, reserved 1179648K
  class space    used 7615K, committed 8256K, reserved 1048576K
}
Event: 130.873 GC heap before
{Heap before GC invocations=308 (full 3):
 PSYoungGen      total 7680K, used 7584K [0x00000000d5580000, 0x00000000d6200000, 0x0000000100000000)
  eden space 7168K, 100% used [0x00000000d5580000,0x00000000d5c80000,0x00000000d5c80000)
  from space 512K, 81% used [0x00000000d6180000,0x00000000d61e8000,0x00000000d6200000)
  to   space 512K, 0% used [0x00000000d5c80000,0x00000000d5c80000,0x00000000d5d00000)
 ParOldGen       total 527360K, used 527345K [0x0000000080000000, 0x00000000a0300000, 0x00000000d5580000)
  object space 527360K, 99% used [0x0000000080000000,0x00000000a02fc660,0x00000000a0300000)
 Metaspace       used 72386K, committed 73920K, reserved 1179648K
  class space    used 7617K, committed 8256K, reserved 1048576K
}
Event: 130.881 GC heap after
{Heap after GC invocations=308 (full 3):
 PSYoungGen      total 7680K, used 499K [0x00000000d5580000, 0x00000000d6a80000, 0x0000000100000000)
  eden space 7168K, 0% used [0x00000000d5580000,0x00000000d5580000,0x00000000d5c80000)
  from space 512K, 97% used [0x00000000d5c80000,0x00000000d5cfcef0,0x00000000d5d00000)
  to   space 7168K, 0% used [0x00000000d6380000,0x00000000d6380000,0x00000000d6a80000)
 ParOldGen       total 532992K, used 532693K [0x0000000080000000, 0x00000000a0880000, 0x00000000d5580000)
  object space 532992K, 99% used [0x0000000080000000,0x00000000a0835560,0x00000000a0880000)
 Metaspace       used 72386K, committed 73920K, reserved 1179648K
  class space    used 7617K, committed 8256K, reserved 1048576K
}
Event: 130.952 GC heap before
{Heap before GC invocations=309 (full 3):
 PSYoungGen      total 7680K, used 7667K [0x00000000d5580000, 0x00000000d6a80000, 0x0000000100000000)
  eden space 7168K, 99% used [0x00000000d5580000,0x00000000d5c7ffd8,0x00000000d5c80000)
  from space 512K, 97% used [0x00000000d5c80000,0x00000000d5cfcef0,0x00000000d5d00000)
  to   space 7168K, 0% used [0x00000000d6380000,0x00000000d6380000,0x00000000d6a80000)
 ParOldGen       total 532992K, used 532693K [0x0000000080000000, 0x00000000a0880000, 0x00000000d5580000)
  object space 532992K, 99% used [0x0000000080000000,0x00000000a0835560,0x00000000a0880000)
 Metaspace       used 72430K, committed 73920K, reserved 1179648K
  class space    used 7618K, committed 8256K, reserved 1048576K
}
Event: 130.959 GC heap after
{Heap after GC invocations=309 (full 3):
 PSYoungGen      total 11264K, used 3768K [0x00000000d5580000, 0x00000000d6780000, 0x0000000100000000)
  eden space 7168K, 0% used [0x00000000d5580000,0x00000000d5580000,0x00000000d5c80000)
  from space 4096K, 91% used [0x00000000d6380000,0x00000000d672e020,0x00000000d6780000)
  to   space 4608K, 0% used [0x00000000d5e80000,0x00000000d5e80000,0x00000000d6300000)
 ParOldGen       total 532992K, used 532813K [0x0000000080000000, 0x00000000a0880000, 0x00000000d5580000)
  object space 532992K, 99% used [0x0000000080000000,0x00000000a0853560,0x00000000a0880000)
 Metaspace       used 72430K, committed 73920K, reserved 1179648K
  class space    used 7618K, committed 8256K, reserved 1048576K
}
Event: 132.646 GC heap before
{Heap before GC invocations=310 (full 3):
 PSYoungGen      total 11264K, used 10936K [0x00000000d5580000, 0x00000000d6780000, 0x0000000100000000)
  eden space 7168K, 100% used [0x00000000d5580000,0x00000000d5c80000,0x00000000d5c80000)
  from space 4096K, 91% used [0x00000000d6380000,0x00000000d672e020,0x00000000d6780000)
  to   space 4608K, 0% used [0x00000000d5e80000,0x00000000d5e80000,0x00000000d6300000)
 ParOldGen       total 532992K, used 532813K [0x0000000080000000, 0x00000000a0880000, 0x00000000d5580000)
  object space 532992K, 99% used [0x0000000080000000,0x00000000a0853560,0x00000000a0880000)
 Metaspace       used 72696K, committed 74176K, reserved 1179648K
  class space    used 7657K, committed 8320K, reserved 1048576K
}
Event: 132.652 GC heap after
{Heap after GC invocations=310 (full 3):
 PSYoungGen      total 7680K, used 128K [0x00000000d5580000, 0x00000000d6400000, 0x0000000100000000)
  eden space 7168K, 0% used [0x00000000d5580000,0x00000000d5580000,0x00000000d5c80000)
  from space 512K, 25% used [0x00000000d5e80000,0x00000000d5ea0000,0x00000000d5f00000)
  to   space 2048K, 0% used [0x00000000d6200000,0x00000000d6200000,0x00000000d6400000)
 ParOldGen       total 536576K, used 536085K [0x0000000080000000, 0x00000000a0c00000, 0x00000000d5580000)
  object space 536576K, 99% used [0x0000000080000000,0x00000000a0b85580,0x00000000a0c00000)
 Metaspace       used 72696K, committed 74176K, reserved 1179648K
  class space    used 7657K, committed 8320K, reserved 1048576K
}
Event: 177.609 GC heap before
{Heap before GC invocations=311 (full 3):
 PSYoungGen      total 7680K, used 7296K [0x00000000d5580000, 0x00000000d6400000, 0x0000000100000000)
  eden space 7168K, 100% used [0x00000000d5580000,0x00000000d5c80000,0x00000000d5c80000)
  from space 512K, 25% used [0x00000000d5e80000,0x00000000d5ea0000,0x00000000d5f00000)
  to   space 2048K, 0% used [0x00000000d6200000,0x00000000d6200000,0x00000000d6400000)
 ParOldGen       total 536576K, used 536085K [0x0000000080000000, 0x00000000a0c00000, 0x00000000d5580000)
  object space 536576K, 99% used [0x0000000080000000,0x00000000a0b85580,0x00000000a0c00000)
 Metaspace       used 72785K, committed 74304K, reserved 1179648K
  class space    used 7662K, committed 8320K, reserved 1048576K
}
Event: 177.613 GC heap after
{Heap after GC invocations=311 (full 3):
 PSYoungGen      total 8192K, used 896K [0x00000000d5580000, 0x00000000d6300000, 0x0000000100000000)
  eden space 7168K, 0% used [0x00000000d5580000,0x00000000d5580000,0x00000000d5c80000)
  from space 1024K, 87% used [0x00000000d6200000,0x00000000d62e0000,0x00000000d6300000)
  to   space 1536K, 0% used [0x00000000d6000000,0x00000000d6000000,0x00000000d6180000)
 ParOldGen       total 536576K, used 536141K [0x0000000080000000, 0x00000000a0c00000, 0x00000000d5580000)
  object space 536576K, 99% used [0x0000000080000000,0x00000000a0b93580,0x00000000a0c00000)
 Metaspace       used 72785K, committed 74304K, reserved 1179648K
  class space    used 7662K, committed 8320K, reserved 1048576K
}
Event: 179.201 GC heap before
{Heap before GC invocations=312 (full 3):
 PSYoungGen      total 8192K, used 8057K [0x00000000d5580000, 0x00000000d6300000, 0x0000000100000000)
  eden space 7168K, 99% used [0x00000000d5580000,0x00000000d5c7e610,0x00000000d5c80000)
  from space 1024K, 87% used [0x00000000d6200000,0x00000000d62e0000,0x00000000d6300000)
  to   space 1536K, 0% used [0x00000000d6000000,0x00000000d6000000,0x00000000d6180000)
 ParOldGen       total 536576K, used 536141K [0x0000000080000000, 0x00000000a0c00000, 0x00000000d5580000)
  object space 536576K, 99% used [0x0000000080000000,0x00000000a0b93580,0x00000000a0c00000)
 Metaspace       used 72950K, committed 74432K, reserved 1179648K
  class space    used 7675K, committed 8320K, reserved 1048576K
}
Event: 179.207 GC heap after
{Heap after GC invocations=312 (full 3):
 PSYoungGen      total 8704K, used 736K [0x00000000d5580000, 0x00000000d6280000, 0x0000000100000000)
  eden space 7168K, 0% used [0x00000000d5580000,0x00000000d5580000,0x00000000d5c80000)
  from space 1536K, 47% used [0x00000000d6000000,0x00000000d60b8000,0x00000000d6180000)
  to   space 1024K, 0% used [0x00000000d6180000,0x00000000d6180000,0x00000000d6280000)
 ParOldGen       total 537088K, used 536812K [0x0000000080000000, 0x00000000a0c80000, 0x00000000d5580000)
  object space 537088K, 99% used [0x0000000080000000,0x00000000a0c3b2b8,0x00000000a0c80000)
 Metaspace       used 72950K, committed 74432K, reserved 1179648K
  class space    used 7675K, committed 8320K, reserved 1048576K
}
Event: 180.239 GC heap before
{Heap before GC invocations=313 (full 3):
 PSYoungGen      total 8704K, used 7904K [0x00000000d5580000, 0x00000000d6280000, 0x0000000100000000)
  eden space 7168K, 100% used [0x00000000d5580000,0x00000000d5c80000,0x00000000d5c80000)
  from space 1536K, 47% used [0x00000000d6000000,0x00000000d60b8000,0x00000000d6180000)
  to   space 1024K, 0% used [0x00000000d6180000,0x00000000d6180000,0x00000000d6280000)
 ParOldGen       total 537088K, used 536812K [0x0000000080000000, 0x00000000a0c80000, 0x00000000d5580000)
  object space 537088K, 99% used [0x0000000080000000,0x00000000a0c3b2b8,0x00000000a0c80000)
 Metaspace       used 73279K, committed 74688K, reserved 1179648K
  class space    used 7708K, committed 8320K, reserved 1048576K
}
Event: 180.244 GC heap after
{Heap after GC invocations=313 (full 3):
 PSYoungGen      total 8192K, used 768K [0x00000000d5580000, 0x00000000d6280000, 0x0000000100000000)
  eden space 7168K, 0% used [0x00000000d5580000,0x00000000d5580000,0x00000000d5c80000)
  from space 1024K, 75% used [0x00000000d6180000,0x00000000d6240000,0x00000000d6280000)
  to   space 1024K, 0% used [0x00000000d6080000,0x00000000d6080000,0x00000000d6180000)
 ParOldGen       total 537088K, used 536852K [0x0000000080000000, 0x00000000a0c80000, 0x00000000d5580000)
  object space 537088K, 99% used [0x0000000080000000,0x00000000a0c452b8,0x00000000a0c80000)
 Metaspace       used 73279K, committed 74688K, reserved 1179648K
  class space    used 7708K, committed 8320K, reserved 1048576K
}
Event: 180.372 GC heap before
{Heap before GC invocations=314 (full 3):
 PSYoungGen      total 8192K, used 7936K [0x00000000d5580000, 0x00000000d6280000, 0x0000000100000000)
  eden space 7168K, 100% used [0x00000000d5580000,0x00000000d5c80000,0x00000000d5c80000)
  from space 1024K, 75% used [0x00000000d6180000,0x00000000d6240000,0x00000000d6280000)
  to   space 1024K, 0% used [0x00000000d6080000,0x00000000d6080000,0x00000000d6180000)
 ParOldGen       total 537088K, used 536852K [0x0000000080000000, 0x00000000a0c80000, 0x00000000d5580000)
  object space 537088K, 99% used [0x0000000080000000,0x00000000a0c452b8,0x00000000a0c80000)
 Metaspace       used 73376K, committed 74816K, reserved 1179648K
  class space    used 7721K, committed 8384K, reserved 1048576K
}
Event: 180.385 GC heap after
{Heap after GC invocations=314 (full 3):
 PSYoungGen      total 8192K, used 1011K [0x00000000d5580000, 0x00000000d6880000, 0x0000000100000000)
  eden space 7168K, 0% used [0x00000000d5580000,0x00000000d5580000,0x00000000d5c80000)
  from space 1024K, 98% used [0x00000000d6080000,0x00000000d617cef0,0x00000000d6180000)
  to   space 6144K, 0% used [0x00000000d6280000,0x00000000d6280000,0x00000000d6880000)
 ParOldGen       total 541184K, used 541045K [0x0000000080000000, 0x00000000a1080000, 0x00000000d5580000)
  object space 541184K, 99% used [0x0000000080000000,0x00000000a105d638,0x00000000a1080000)
 Metaspace       used 73376K, committed 74816K, reserved 1179648K
  class space    used 7721K, committed 8384K, reserved 1048576K
}
Event: 180.472 GC heap before
{Heap before GC invocations=315 (full 3):
 PSYoungGen      total 8192K, used 8179K [0x00000000d5580000, 0x00000000d6880000, 0x0000000100000000)
  eden space 7168K, 100% used [0x00000000d5580000,0x00000000d5c80000,0x00000000d5c80000)
  from space 1024K, 98% used [0x00000000d6080000,0x00000000d617cef0,0x00000000d6180000)
  to   space 6144K, 0% used [0x00000000d6280000,0x00000000d6280000,0x00000000d6880000)
 ParOldGen       total 541184K, used 541045K [0x0000000080000000, 0x00000000a1080000, 0x00000000d5580000)
  object space 541184K, 99% used [0x0000000080000000,0x00000000a105d638,0x00000000a1080000)
 Metaspace       used 73484K, committed 74944K, reserved 1179648K
  class space    used 7727K, committed 8384K, reserved 1048576K
}
Event: 180.478 GC heap after
{Heap after GC invocations=315 (full 3):
 PSYoungGen      total 10240K, used 2921K [0x00000000d5580000, 0x00000000d6580000, 0x0000000100000000)
  eden space 7168K, 0% used [0x00000000d5580000,0x00000000d5580000,0x00000000d5c80000)
  from space 3072K, 95% used [0x00000000d6280000,0x00000000d655a710,0x00000000d6580000)
  to   space 4096K, 0% used [0x00000000d5d80000,0x00000000d5d80000,0x00000000d6180000)
 ParOldGen       total 541184K, used 541093K [0x0000000080000000, 0x00000000a1080000, 0x00000000d5580000)
  object space 541184K, 99% used [0x0000000080000000,0x00000000a1069648,0x00000000a1080000)
 Metaspace       used 73484K, committed 74944K, reserved 1179648K
  class space    used 7727K, committed 8384K, reserved 1048576K
}
Event: 194.864 GC heap before
{Heap before GC invocations=316 (full 3):
 PSYoungGen      total 10240K, used 10085K [0x00000000d5580000, 0x00000000d6580000, 0x0000000100000000)
  eden space 7168K, 99% used [0x00000000d5580000,0x00000000d5c7eee8,0x00000000d5c80000)
  from space 3072K, 95% used [0x00000000d6280000,0x00000000d655a710,0x00000000d6580000)
  to   space 4096K, 0% used [0x00000000d5d80000,0x00000000d5d80000,0x00000000d6180000)
 ParOldGen       total 541184K, used 541093K [0x0000000080000000, 0x00000000a1080000, 0x00000000d5580000)
  object space 541184K, 99% used [0x0000000080000000,0x00000000a1069648,0x00000000a1080000)
 Metaspace       used 73572K, committed 75008K, reserved 1179648K
  class space    used 7734K, committed 8384K, reserved 1048576K
}
Event: 194.881 GC heap after
{Heap after GC invocations=316 (full 3):
 PSYoungGen      total 8704K, used 1328K [0x00000000d5580000, 0x00000000d6300000, 0x0000000100000000)
  eden space 7168K, 0% used [0x00000000d5580000,0x00000000d5580000,0x00000000d5c80000)
  from space 1536K, 86% used [0x00000000d5d80000,0x00000000d5ecc000,0x00000000d5f00000)
  to   space 2048K, 0% used [0x00000000d6100000,0x00000000d6100000,0x00000000d6300000)
 ParOldGen       total 543232K, used 543189K [0x0000000080000000, 0x00000000a1280000, 0x00000000d5580000)
  object space 543232K, 99% used [0x0000000080000000,0x00000000a1275648,0x00000000a1280000)
 Metaspace       used 73572K, committed 75008K, reserved 1179648K
  class space    used 7734K, committed 8384K, reserved 1048576K
}

Dll operation events (14 events):
Event: 0.017 Loaded shared library c:\Users\Anmol Kumar\.vscode\extensions\redhat.java-1.43.1-win32-x64\jre\21.0.7-win32-x86_64\bin\java.dll
Event: 0.146 Loaded shared library c:\Users\Anmol Kumar\.vscode\extensions\redhat.java-1.43.1-win32-x64\jre\21.0.7-win32-x86_64\bin\zip.dll
Event: 0.225 Loaded shared library C:\Users\Anmol Kumar\.vscode\extensions\redhat.java-1.43.1-win32-x64\jre\21.0.7-win32-x86_64\bin\instrument.dll
Event: 0.237 Loaded shared library C:\Users\Anmol Kumar\.vscode\extensions\redhat.java-1.43.1-win32-x64\jre\21.0.7-win32-x86_64\bin\net.dll
Event: 0.242 Loaded shared library C:\Users\Anmol Kumar\.vscode\extensions\redhat.java-1.43.1-win32-x64\jre\21.0.7-win32-x86_64\bin\nio.dll
Event: 0.248 Loaded shared library C:\Users\Anmol Kumar\.vscode\extensions\redhat.java-1.43.1-win32-x64\jre\21.0.7-win32-x86_64\bin\zip.dll
Event: 0.280 Loaded shared library C:\Users\Anmol Kumar\.vscode\extensions\redhat.java-1.43.1-win32-x64\jre\21.0.7-win32-x86_64\bin\jimage.dll
Event: 0.436 Loaded shared library c:\Users\Anmol Kumar\.vscode\extensions\redhat.java-1.43.1-win32-x64\jre\21.0.7-win32-x86_64\bin\verify.dll
Event: 3.717 Loaded shared library C:\Users\Anmol Kumar\AppData\Roaming\Code\User\globalStorage\redhat.java\1.43.1\config_win\org.eclipse.equinox.launcher\org.eclipse.equinox.launcher.win32.win32.x86_64_1.2.1300.v20250331-1702\eclipse_11911.dll
Event: 7.079 Loaded shared library C:\Users\Anmol Kumar\.vscode\extensions\redhat.java-1.43.1-win32-x64\jre\21.0.7-win32-x86_64\bin\management.dll
Event: 7.093 Loaded shared library C:\Users\Anmol Kumar\.vscode\extensions\redhat.java-1.43.1-win32-x64\jre\21.0.7-win32-x86_64\bin\management_ext.dll
Event: 14.328 Loaded shared library C:\Users\Anmol Kumar\AppData\Local\Temp\jna-2105114961\jna13495488895805146158.dll
Event: 15.043 Loaded shared library C:\Users\Anmol Kumar\.vscode\extensions\redhat.java-1.43.1-win32-x64\jre\21.0.7-win32-x86_64\bin\sunmscapi.dll
Event: 17.988 Loaded shared library C:\Users\Anmol Kumar\.vscode\extensions\redhat.java-1.43.1-win32-x64\jre\21.0.7-win32-x86_64\bin\extnet.dll

Deoptimization events (20 events):
Event: 179.098 Thread 0x0000025aa0a0b3f0 DEOPT PACKING pc=0x0000025a4b958124 sp=0x000000dca0cfd270
Event: 179.098 Thread 0x0000025aa0a0b3f0 DEOPT UNPACKING pc=0x0000025a4ab13aa2 sp=0x000000dca0cfd188 mode 2
Event: 179.099 Thread 0x0000025aa0a0b3f0 DEOPT PACKING pc=0x0000025a44e3fc25 sp=0x000000dca0cfd1b0
Event: 179.099 Thread 0x0000025aa0a0b3f0 DEOPT UNPACKING pc=0x0000025a4ab14242 sp=0x000000dca0cfc870 mode 0
Event: 179.200 Thread 0x0000025aa0a0b3f0 Uncommon trap: trap_request=0xffffff45 fr.pc=0x0000025a4b46bf5c relative=0x0000000000000f9c
Event: 179.200 Thread 0x0000025aa0a0b3f0 Uncommon trap: reason=unstable_if action=reinterpret pc=0x0000025a4b46bf5c method=jdk.internal.reflect.Reflection.verifyMemberAccess(Ljava/lang/Class;Ljava/lang/Class;Ljava/lang/Class;I)Z @ 67 c2
Event: 179.200 Thread 0x0000025aa0a0b3f0 DEOPT PACKING pc=0x0000025a4b46bf5c sp=0x000000dca0cfe310
Event: 179.200 Thread 0x0000025aa0a0b3f0 DEOPT UNPACKING pc=0x0000025a4ab13aa2 sp=0x000000dca0cfe1b8 mode 2
Event: 179.200 Thread 0x0000025aa0a0b3f0 Uncommon trap: trap_request=0xffffff45 fr.pc=0x0000025a4b46ed80 relative=0x0000000000000d60
Event: 179.200 Thread 0x0000025aa0a0b3f0 Uncommon trap: reason=unstable_if action=reinterpret pc=0x0000025a4b46ed80 method=jdk.internal.reflect.Reflection.verifyMemberAccess(Ljava/lang/Class;Ljava/lang/Class;Ljava/lang/Class;I)Z @ 67 c2
Event: 179.200 Thread 0x0000025aa0a0b3f0 DEOPT PACKING pc=0x0000025a4b46ed80 sp=0x000000dca0cfe270
Event: 179.200 Thread 0x0000025aa0a0b3f0 DEOPT UNPACKING pc=0x0000025a4ab13aa2 sp=0x000000dca0cfe1a8 mode 2
Event: 179.925 Thread 0x0000025a9d1dbf40 DEOPT PACKING pc=0x0000025a44e3fc25 sp=0x000000dc9f9fd4a0
Event: 179.927 Thread 0x0000025a9d1dbf40 DEOPT UNPACKING pc=0x0000025a4ab14242 sp=0x000000dc9f9fcb60 mode 0
Event: 194.853 Thread 0x0000025aa0a078e0 Uncommon trap: trap_request=0xffffff45 fr.pc=0x0000025a4b8876f4 relative=0x0000000000000394
Event: 194.853 Thread 0x0000025aa0a078e0 Uncommon trap: reason=unstable_if action=reinterpret pc=0x0000025a4b8876f4 method=org.eclipse.jdt.internal.core.index.Index.isMatch([C[CI)Z @ 106 c2
Event: 194.854 Thread 0x0000025aa0a078e0 DEOPT PACKING pc=0x0000025a4b8876f4 sp=0x000000dca0bfe8d0
Event: 194.855 Thread 0x0000025aa0a078e0 DEOPT UNPACKING pc=0x0000025a4ab13aa2 sp=0x000000dca0bfe868 mode 2
Event: 194.921 Thread 0x0000025aa0a0b3f0 DEOPT PACKING pc=0x0000025a43d91163 sp=0x000000dca0cfb900
Event: 194.921 Thread 0x0000025aa0a0b3f0 DEOPT UNPACKING pc=0x0000025a4ab14242 sp=0x000000dca0cfae30 mode 0

Classes loaded (20 events):
Event: 41.392 Loading class jdk/internal/event/SecurityPropertyModificationEvent
Event: 41.393 Loading class jdk/internal/event/SecurityPropertyModificationEvent done
Event: 41.585 Loading class java/util/zip/CheckedInputStream
Event: 41.585 Loading class java/util/zip/CheckedInputStream done
Event: 41.732 Loading class java/util/stream/DistinctOps
Event: 41.732 Loading class java/util/stream/DistinctOps done
Event: 41.732 Loading class java/util/stream/DistinctOps$1
Event: 41.733 Loading class java/util/stream/DistinctOps$1 done
Event: 41.751 Loading class java/util/stream/DistinctOps$1$2
Event: 41.751 Loading class java/util/stream/DistinctOps$1$2 done
Event: 41.795 Loading class java/util/zip/GZIPInputStream$1
Event: 41.795 Loading class java/util/zip/GZIPInputStream$1 done
Event: 42.544 Loading class java/util/Spliterators$IntArraySpliterator
Event: 42.544 Loading class java/util/Spliterators$IntArraySpliterator done
Event: 42.932 Loading class java/util/LinkedList$LLSpliterator
Event: 42.932 Loading class java/util/LinkedList$LLSpliterator done
Event: 42.970 Loading class javax/xml/transform/TransformerConfigurationException
Event: 42.970 Loading class javax/xml/transform/TransformerConfigurationException done
Event: 43.764 Loading class jdk/internal/ref/CleanerImpl$InnocuousThreadFactory
Event: 43.764 Loading class jdk/internal/ref/CleanerImpl$InnocuousThreadFactory done

Classes unloaded (7 events):
Event: 8.772 Thread 0x0000025a56d4e2e0 Unloading class 0x0000025a581a2800 'java/lang/invoke/LambdaForm$MH+0x0000025a581a2800'
Event: 8.772 Thread 0x0000025a56d4e2e0 Unloading class 0x0000025a581a2400 'java/lang/invoke/LambdaForm$MH+0x0000025a581a2400'
Event: 8.772 Thread 0x0000025a56d4e2e0 Unloading class 0x0000025a581a2000 'java/lang/invoke/LambdaForm$MH+0x0000025a581a2000'
Event: 8.772 Thread 0x0000025a56d4e2e0 Unloading class 0x0000025a581a1c00 'java/lang/invoke/LambdaForm$MH+0x0000025a581a1c00'
Event: 8.772 Thread 0x0000025a56d4e2e0 Unloading class 0x0000025a581a1800 'java/lang/invoke/LambdaForm$BMH+0x0000025a581a1800'
Event: 8.772 Thread 0x0000025a56d4e2e0 Unloading class 0x0000025a581a1400 'java/lang/invoke/LambdaForm$DMH+0x0000025a581a1400'
Event: 8.772 Thread 0x0000025a56d4e2e0 Unloading class 0x0000025a581a0000 'java/lang/invoke/LambdaForm$DMH+0x0000025a581a0000'

Classes redefined (0 events):
No events

Internal exceptions (20 events):
Event: 115.430 Thread 0x0000025aa0a078e0 Exception <a 'java/lang/ArrayIndexOutOfBoundsException'{0x00000000d5affa80}: Index 43 out of bounds for length 43> (0x00000000d5affa80) 
thrown [s\src\hotspot\share\interpreter\interpreterRuntime.cpp, line 439]
Event: 127.348 Thread 0x0000025aa0a03dd0 Exception <a 'java/lang/IncompatibleClassChangeError'{0x00000000d5bace70}: Found class java.lang.Object, but interface was expected> (0x00000000d5bace70) 
thrown [s\src\hotspot\share\interpreter\linkResolver.cpp, line 840]
Event: 127.353 Thread 0x0000025aa0a078e0 Exception <a 'java/lang/NoSuchMethodError'{0x00000000d5bce970}: 'java.lang.Object java.lang.invoke.DirectMethodHandle$Holder.invokeStatic(java.lang.Object, int, int, java.lang.Object)'> (0x00000000d5bce970) 
thrown [s\src\hotspot\share\interpreter\linkResolver.cpp, line 773]
Event: 129.170 Thread 0x0000025aa0a078e0 Exception <a 'java/lang/ArrayIndexOutOfBoundsException'{0x00000000d5602d00}: Index 43 out of bounds for length 43> (0x00000000d5602d00) 
thrown [s\src\hotspot\share\interpreter\interpreterRuntime.cpp, line 439]
Event: 130.041 Thread 0x0000025aa0a078e0 Implicit null exception at 0x0000025a4b68c9e0 to 0x0000025a4b68ca39
Event: 130.100 Thread 0x0000025aa0a09320 Implicit null exception at 0x0000025a4b4743cf to 0x0000025a4b474558
Event: 130.837 Thread 0x0000025a9d1dab90 Exception <a 'sun/nio/fs/WindowsException'{0x00000000d5658640}> (0x00000000d5658640) 
thrown [s\src\hotspot\share\prims\jni.cpp, line 520]
Event: 131.007 Thread 0x0000025a9d1dab90 Exception <a 'sun/nio/fs/WindowsException'{0x00000000d56289d0}> (0x00000000d56289d0) 
thrown [s\src\hotspot\share\prims\jni.cpp, line 520]
Event: 132.029 Thread 0x0000025aa0a03dd0 Exception <a 'java/lang/IncompatibleClassChangeError'{0x00000000d59fe448}: Found class java.lang.Object, but interface was expected> (0x00000000d59fe448) 
thrown [s\src\hotspot\share\interpreter\linkResolver.cpp, line 840]
Event: 132.659 Thread 0x0000025aa0a078e0 Exception <a 'java/lang/ArrayIndexOutOfBoundsException'{0x00000000d55f2ee8}: Index -1 out of bounds for length 2> (0x00000000d55f2ee8) 
thrown [s\src\hotspot\share\interpreter\interpreterRuntime.cpp, line 439]
Event: 132.675 Thread 0x0000025aa0a078e0 Exception <a 'java/lang/ArrayIndexOutOfBoundsException'{0x00000000d56fe948}: Index -1 out of bounds for length 2> (0x00000000d56fe948) 
thrown [s\src\hotspot\share\interpreter\interpreterRuntime.cpp, line 439]
Event: 132.835 Thread 0x0000025aa0a078e0 Implicit null exception at 0x0000025a4b8ae220 to 0x0000025a4b8ae4ac
Event: 177.364 Thread 0x0000025aa0a078e0 Exception <a 'java/lang/ArrayIndexOutOfBoundsException'{0x00000000d5a4a0b0}: Index -1 out of bounds for length 2> (0x00000000d5a4a0b0) 
thrown [s\src\hotspot\share\interpreter\interpreterRuntime.cpp, line 439]
Event: 177.374 Thread 0x0000025aa0a078e0 Exception <a 'java/lang/ArrayIndexOutOfBoundsException'{0x00000000d5b14188}: Index -1 out of bounds for length 2> (0x00000000d5b14188) 
thrown [s\src\hotspot\share\interpreter\interpreterRuntime.cpp, line 439]
Event: 177.602 Thread 0x0000025aa0a078e0 Exception <a 'java/lang/ArrayIndexOutOfBoundsException'{0x00000000d5bdeb68}: Index -1 out of bounds for length 2> (0x00000000d5bdeb68) 
thrown [s\src\hotspot\share\interpreter\interpreterRuntime.cpp, line 439]
Event: 177.616 Thread 0x0000025aa0a078e0 Exception <a 'java/lang/ArrayIndexOutOfBoundsException'{0x00000000d55a9928}: Index -1 out of bounds for length 2> (0x00000000d55a9928) 
thrown [s\src\hotspot\share\interpreter\interpreterRuntime.cpp, line 439]
Event: 179.062 Thread 0x0000025aa0a0b3f0 Exception <a 'java/lang/ArrayIndexOutOfBoundsException'{0x00000000d5803cc0}: Index 224 out of bounds for length 224> (0x00000000d5803cc0) 
thrown [s\src\hotspot\share\interpreter\interpreterRuntime.cpp, line 439]
Event: 179.086 Thread 0x0000025aa0a0b3f0 Exception <a 'java/lang/ArrayIndexOutOfBoundsException'{0x00000000d598dca8}: Index 224 out of bounds for length 224> (0x00000000d598dca8) 
thrown [s\src\hotspot\share\interpreter\interpreterRuntime.cpp, line 439]
Event: 180.351 Thread 0x0000025a9d1dab90 Exception <a 'sun/nio/fs/WindowsException'{0x00000000d57bb7d8}> (0x00000000d57bb7d8) 
thrown [s\src\hotspot\share\prims\jni.cpp, line 520]
Event: 180.537 Thread 0x0000025a9d1dab90 Exception <a 'sun/nio/fs/WindowsException'{0x00000000d5714d20}> (0x00000000d5714d20) 
thrown [s\src\hotspot\share\prims\jni.cpp, line 520]

ZGC Phase Switch (0 events):
No events

VM Operations (20 events):
Event: 180.222 Executing VM operation: Cleanup
Event: 180.222 Executing VM operation: Cleanup done
Event: 180.239 Executing VM operation: ParallelGCFailedAllocation (Allocation Failure)
Event: 180.244 Executing VM operation: ParallelGCFailedAllocation (Allocation Failure) done
Event: 180.284 Executing VM operation: HandshakeAllThreads (HandshakeForDeflation)
Event: 180.284 Executing VM operation: HandshakeAllThreads (HandshakeForDeflation) done
Event: 180.285 Executing VM operation: RendezvousGCThreads
Event: 180.285 Executing VM operation: RendezvousGCThreads done
Event: 180.372 Executing VM operation: ParallelGCFailedAllocation (Allocation Failure)
Event: 180.385 Executing VM operation: ParallelGCFailedAllocation (Allocation Failure) done
Event: 180.472 Executing VM operation: ParallelGCFailedAllocation (Allocation Failure)
Event: 180.478 Executing VM operation: ParallelGCFailedAllocation (Allocation Failure) done
Event: 182.488 Executing VM operation: Cleanup
Event: 182.488 Executing VM operation: Cleanup done
Event: 194.862 Executing VM operation: ParallelGCFailedAllocation (Allocation Failure)
Event: 194.881 Executing VM operation: ParallelGCFailedAllocation (Allocation Failure) done
Event: 194.906 Executing VM operation: HandshakeAllThreads (Deoptimize)
Event: 194.906 Executing VM operation: HandshakeAllThreads (Deoptimize) done
Event: 194.911 Executing VM operation: HandshakeAllThreads (Deoptimize)
Event: 194.911 Executing VM operation: HandshakeAllThreads (Deoptimize) done

Memory protections (0 events):
No events

Nmethod flushes (20 events):
Event: 29.020 Thread 0x0000025a56d4e2e0 flushing  nmethod 0x0000025a43e87210
Event: 29.020 Thread 0x0000025a56d4e2e0 flushing  nmethod 0x0000025a43e8d710
Event: 29.020 Thread 0x0000025a56d4e2e0 flushing  nmethod 0x0000025a43e8ed10
Event: 29.020 Thread 0x0000025a56d4e2e0 flushing  nmethod 0x0000025a43eca690
Event: 29.020 Thread 0x0000025a56d4e2e0 flushing  nmethod 0x0000025a43ecac90
Event: 29.020 Thread 0x0000025a56d4e2e0 flushing  nmethod 0x0000025a43ecdc10
Event: 29.020 Thread 0x0000025a56d4e2e0 flushing  nmethod 0x0000025a43ecf090
Event: 29.020 Thread 0x0000025a56d4e2e0 flushing  nmethod 0x0000025a43ecf810
Event: 29.020 Thread 0x0000025a56d4e2e0 flushing  nmethod 0x0000025a43ed0190
Event: 29.020 Thread 0x0000025a56d4e2e0 flushing  nmethod 0x0000025a43ed1510
Event: 29.020 Thread 0x0000025a56d4e2e0 flushing  nmethod 0x0000025a43ed2b90
Event: 29.020 Thread 0x0000025a56d4e2e0 flushing  nmethod 0x0000025a43ed3190
Event: 29.020 Thread 0x0000025a56d4e2e0 flushing  nmethod 0x0000025a43ed6f10
Event: 29.020 Thread 0x0000025a56d4e2e0 flushing  nmethod 0x0000025a43ed7690
Event: 29.020 Thread 0x0000025a56d4e2e0 flushing  nmethod 0x0000025a43ed9a10
Event: 29.020 Thread 0x0000025a56d4e2e0 flushing  nmethod 0x0000025a43ef9f10
Event: 29.020 Thread 0x0000025a56d4e2e0 flushing  nmethod 0x0000025a43f1f590
Event: 29.020 Thread 0x0000025a56d4e2e0 flushing  nmethod 0x0000025a43f35890
Event: 29.020 Thread 0x0000025a56d4e2e0 flushing  nmethod 0x0000025a43f50b10
Event: 29.020 Thread 0x0000025a56d4e2e0 flushing  nmethod 0x0000025a43f64d10

Events (20 events):
Event: 112.406 Thread 0x0000025a56d964e0 Thread added: 0x0000025aa127f680
Event: 112.577 Thread 0x0000025aa127f680 Thread exited: 0x0000025aa127f680
Event: 112.598 Thread 0x0000025a56d964e0 Thread added: 0x0000025aa127f680
Event: 112.854 Thread 0x0000025aa127f680 Thread exited: 0x0000025aa127f680
Event: 112.910 Thread 0x0000025a56d964e0 Thread added: 0x0000025aa12811c0
Event: 113.238 Thread 0x0000025a9d1d8ac0 Thread added: 0x0000025aa0a099b0
Event: 113.948 Thread 0x0000025aa12811c0 Thread exited: 0x0000025aa12811c0
Event: 114.273 Thread 0x0000025a56d964e0 Thread added: 0x0000025aa127fd50
Event: 114.396 Thread 0x0000025aa127fd50 Thread exited: 0x0000025aa127fd50
Event: 114.556 Thread 0x0000025a9d1d8ac0 Thread added: 0x0000025aa0a0ad60
Event: 114.936 Thread 0x0000025a56d76700 Thread added: 0x0000025aa12811c0
Event: 115.098 Thread 0x0000025aa12811c0 Thread exited: 0x0000025aa12811c0
Event: 130.052 Thread 0x0000025a56d964e0 Thread added: 0x0000025aa127f680
Event: 130.594 Thread 0x0000025aa127f680 Thread exited: 0x0000025aa127f680
Event: 179.106 Thread 0x0000025a56d964e0 Thread added: 0x0000025aa12811c0
Event: 179.412 Thread 0x0000025aa12811c0 Thread exited: 0x0000025aa12811c0
Event: 179.554 Thread 0x0000025a56d964e0 Thread added: 0x0000025aa12811c0
Event: 180.092 Thread 0x0000025aa12811c0 Thread exited: 0x0000025aa12811c0
Event: 181.075 Thread 0x0000025a56d964e0 Thread added: 0x0000025aa1280af0
Event: 182.577 Thread 0x0000025aa1280af0 Thread exited: 0x0000025aa1280af0


Dynamic libraries:
0x00007ff678d40000 - 0x00007ff678d4e000 	c:\Users\Anmol Kumar\.vscode\extensions\redhat.java-1.43.1-win32-x64\jre\21.0.7-win32-x86_64\bin\java.exe
0x00007ffd684b0000 - 0x00007ffd686a8000 	C:\WINDOWS\SYSTEM32\ntdll.dll
0x00007ffd66670000 - 0x00007ffd66732000 	C:\WINDOWS\System32\KERNEL32.DLL
0x00007ffd65d90000 - 0x00007ffd66086000 	C:\WINDOWS\System32\KERNELBASE.dll
0x00007ffd65be0000 - 0x00007ffd65ce0000 	C:\WINDOWS\System32\ucrtbase.dll
0x00007ffd5f1a0000 - 0x00007ffd5f1b8000 	c:\Users\Anmol Kumar\.vscode\extensions\redhat.java-1.43.1-win32-x64\jre\21.0.7-win32-x86_64\bin\jli.dll
0x00007ffd664d0000 - 0x00007ffd6666d000 	C:\WINDOWS\System32\USER32.dll
0x00007ffd66090000 - 0x00007ffd660b2000 	C:\WINDOWS\System32\win32u.dll
0x00007ffd67620000 - 0x00007ffd6764b000 	C:\WINDOWS\System32\GDI32.dll
0x00007ffd663b0000 - 0x00007ffd664c9000 	C:\WINDOWS\System32\gdi32full.dll
0x00007ffd65b40000 - 0x00007ffd65bdd000 	C:\WINDOWS\System32\msvcp_win.dll
0x00007ffd60260000 - 0x00007ffd6027e000 	c:\Users\Anmol Kumar\.vscode\extensions\redhat.java-1.43.1-win32-x64\jre\21.0.7-win32-x86_64\bin\VCRUNTIME140.dll
0x00007ffd53690000 - 0x00007ffd5392a000 	C:\WINDOWS\WinSxS\amd64_microsoft.windows.common-controls_6595b64144ccf1df_6.0.19041.5915_none_60b4b9d171f9c7c7\COMCTL32.dll
0x00007ffd67580000 - 0x00007ffd6761e000 	C:\WINDOWS\System32\msvcrt.dll
0x00007ffd66ef0000 - 0x00007ffd66f1f000 	C:\WINDOWS\System32\IMM32.DLL
0x00007ffd60250000 - 0x00007ffd6025c000 	c:\Users\Anmol Kumar\.vscode\extensions\redhat.java-1.43.1-win32-x64\jre\21.0.7-win32-x86_64\bin\vcruntime140_1.dll
0x00007ffd475e0000 - 0x00007ffd4766d000 	c:\Users\Anmol Kumar\.vscode\extensions\redhat.java-1.43.1-win32-x64\jre\21.0.7-win32-x86_64\bin\msvcp140.dll
0x00007ffd24e80000 - 0x00007ffd25c10000 	c:\Users\Anmol Kumar\.vscode\extensions\redhat.java-1.43.1-win32-x64\jre\21.0.7-win32-x86_64\bin\server\jvm.dll
0x00007ffd67650000 - 0x00007ffd67701000 	C:\WINDOWS\System32\ADVAPI32.dll
0x00007ffd672a0000 - 0x00007ffd6733f000 	C:\WINDOWS\System32\sechost.dll
0x00007ffd66870000 - 0x00007ffd66993000 	C:\WINDOWS\System32\RPCRT4.dll
0x00007ffd65d60000 - 0x00007ffd65d87000 	C:\WINDOWS\System32\bcrypt.dll
0x00007ffd674b0000 - 0x00007ffd6751b000 	C:\WINDOWS\System32\WS2_32.dll
0x00007ffd65030000 - 0x00007ffd6507b000 	C:\WINDOWS\SYSTEM32\POWRPROF.dll
0x00007ffd53b40000 - 0x00007ffd53b67000 	C:\WINDOWS\SYSTEM32\WINMM.dll
0x00007ffd5f650000 - 0x00007ffd5f65a000 	C:\WINDOWS\SYSTEM32\VERSION.dll
0x00007ffd64f00000 - 0x00007ffd64f12000 	C:\WINDOWS\SYSTEM32\UMPDC.dll
0x00007ffd64320000 - 0x00007ffd64332000 	C:\WINDOWS\SYSTEM32\kernel.appcore.dll
0x00007ffd5f610000 - 0x00007ffd5f61a000 	c:\Users\Anmol Kumar\.vscode\extensions\redhat.java-1.43.1-win32-x64\jre\21.0.7-win32-x86_64\bin\jimage.dll
0x00007ffd63710000 - 0x00007ffd63911000 	C:\WINDOWS\SYSTEM32\DBGHELP.DLL
0x00007ffd5fa60000 - 0x00007ffd5fa94000 	C:\WINDOWS\SYSTEM32\dbgcore.DLL
0x00007ffd66320000 - 0x00007ffd663a2000 	C:\WINDOWS\System32\bcryptPrimitives.dll
0x00007ffd5f0f0000 - 0x00007ffd5f0ff000 	c:\Users\Anmol Kumar\.vscode\extensions\redhat.java-1.43.1-win32-x64\jre\21.0.7-win32-x86_64\bin\instrument.dll
0x00007ffd5ec00000 - 0x00007ffd5ec1f000 	c:\Users\Anmol Kumar\.vscode\extensions\redhat.java-1.43.1-win32-x64\jre\21.0.7-win32-x86_64\bin\java.dll
0x00007ffd67710000 - 0x00007ffd67e7e000 	C:\WINDOWS\System32\SHELL32.dll
0x00007ffd63b60000 - 0x00007ffd64304000 	C:\WINDOWS\SYSTEM32\windows.storage.dll
0x00007ffd67fa0000 - 0x00007ffd682f3000 	C:\WINDOWS\System32\combase.dll
0x00007ffd65490000 - 0x00007ffd654bb000 	C:\WINDOWS\SYSTEM32\Wldp.dll
0x00007ffd669a0000 - 0x00007ffd66a6d000 	C:\WINDOWS\System32\OLEAUT32.dll
0x00007ffd68360000 - 0x00007ffd6840d000 	C:\WINDOWS\System32\SHCORE.dll
0x00007ffd67520000 - 0x00007ffd6757b000 	C:\WINDOWS\System32\shlwapi.dll
0x00007ffd65a70000 - 0x00007ffd65a94000 	C:\WINDOWS\SYSTEM32\profapi.dll
0x00007ffd570a0000 - 0x00007ffd570b8000 	c:\Users\Anmol Kumar\.vscode\extensions\redhat.java-1.43.1-win32-x64\jre\21.0.7-win32-x86_64\bin\zip.dll
0x00007ffd5f0e0000 - 0x00007ffd5f0f0000 	C:\Users\Anmol Kumar\.vscode\extensions\redhat.java-1.43.1-win32-x64\jre\21.0.7-win32-x86_64\bin\net.dll
0x00007ffd5dfa0000 - 0x00007ffd5e0aa000 	C:\WINDOWS\SYSTEM32\WINHTTP.dll
0x00007ffd65270000 - 0x00007ffd652da000 	C:\WINDOWS\system32\mswsock.dll
0x00007ffd57080000 - 0x00007ffd57096000 	C:\Users\Anmol Kumar\.vscode\extensions\redhat.java-1.43.1-win32-x64\jre\21.0.7-win32-x86_64\bin\nio.dll
0x00007ffd5f040000 - 0x00007ffd5f050000 	c:\Users\Anmol Kumar\.vscode\extensions\redhat.java-1.43.1-win32-x64\jre\21.0.7-win32-x86_64\bin\verify.dll
0x00007ffd55a70000 - 0x00007ffd55ab5000 	C:\Users\Anmol Kumar\AppData\Roaming\Code\User\globalStorage\redhat.java\1.43.1\config_win\org.eclipse.equinox.launcher\org.eclipse.equinox.launcher.win32.win32.x86_64_1.2.1300.v20250331-1702\eclipse_11911.dll
0x00007ffd66740000 - 0x00007ffd6686b000 	C:\WINDOWS\System32\ole32.dll
0x00007ffd5ee60000 - 0x00007ffd5ee6a000 	C:\Users\Anmol Kumar\.vscode\extensions\redhat.java-1.43.1-win32-x64\jre\21.0.7-win32-x86_64\bin\management.dll
0x00007ffd57150000 - 0x00007ffd5715b000 	C:\Users\Anmol Kumar\.vscode\extensions\redhat.java-1.43.1-win32-x64\jre\21.0.7-win32-x86_64\bin\management_ext.dll
0x00007ffd67230000 - 0x00007ffd67238000 	C:\WINDOWS\System32\PSAPI.DLL
0x00007ffd654d0000 - 0x00007ffd654e8000 	C:\WINDOWS\SYSTEM32\CRYPTSP.dll
0x00007ffd64b40000 - 0x00007ffd64b78000 	C:\WINDOWS\system32\rsaenh.dll
0x00007ffd65a30000 - 0x00007ffd65a5e000 	C:\WINDOWS\SYSTEM32\USERENV.dll
0x00007ffd65400000 - 0x00007ffd6540c000 	C:\WINDOWS\SYSTEM32\CRYPTBASE.dll
0x00007ffd64f20000 - 0x00007ffd64f5b000 	C:\WINDOWS\SYSTEM32\IPHLPAPI.DLL
0x00007ffd66ee0000 - 0x00007ffd66ee8000 	C:\WINDOWS\System32\NSI.dll
0x00007ffd47860000 - 0x00007ffd478a9000 	C:\Users\Anmol Kumar\AppData\Local\Temp\jna-2105114961\jna13495488895805146158.dll
0x00007ffd5f2a0000 - 0x00007ffd5f2b7000 	C:\WINDOWS\SYSTEM32\dhcpcsvc6.DLL
0x00007ffd5f7e0000 - 0x00007ffd5f7fd000 	C:\WINDOWS\SYSTEM32\dhcpcsvc.DLL
0x00007ffd570f0000 - 0x00007ffd570fe000 	C:\Users\Anmol Kumar\.vscode\extensions\redhat.java-1.43.1-win32-x64\jre\21.0.7-win32-x86_64\bin\sunmscapi.dll
0x00007ffd660c0000 - 0x00007ffd6621d000 	C:\WINDOWS\System32\CRYPT32.dll
0x00007ffd655e0000 - 0x00007ffd65607000 	C:\WINDOWS\SYSTEM32\ncrypt.dll
0x00007ffd655a0000 - 0x00007ffd655db000 	C:\WINDOWS\SYSTEM32\NTASN1.dll
0x00007ffd64f60000 - 0x00007ffd6502a000 	C:\WINDOWS\SYSTEM32\DNSAPI.dll
0x00007ffd556d0000 - 0x00007ffd556da000 	C:\Windows\System32\rasadhlp.dll
0x00007ffd58670000 - 0x00007ffd586f0000 	C:\WINDOWS\System32\fwpuclnt.dll
0x00007ffd57010000 - 0x00007ffd57019000 	C:\Users\Anmol Kumar\.vscode\extensions\redhat.java-1.43.1-win32-x64\jre\21.0.7-win32-x86_64\bin\extnet.dll

dbghelp: loaded successfully - version: 4.0.5 - missing functions: none
symbol engine: initialized successfully - sym options: 0x614 - pdb path: .;c:\Users\Anmol Kumar\.vscode\extensions\redhat.java-1.43.1-win32-x64\jre\21.0.7-win32-x86_64\bin;C:\WINDOWS\SYSTEM32;C:\WINDOWS\WinSxS\amd64_microsoft.windows.common-controls_6595b64144ccf1df_6.0.19041.5915_none_60b4b9d171f9c7c7;c:\Users\Anmol Kumar\.vscode\extensions\redhat.java-1.43.1-win32-x64\jre\21.0.7-win32-x86_64\bin\server;C:\Users\Anmol Kumar\AppData\Roaming\Code\User\globalStorage\redhat.java\1.43.1\config_win\org.eclipse.equinox.launcher\org.eclipse.equinox.launcher.win32.win32.x86_64_1.2.1300.v20250331-1702;C:\Users\Anmol Kumar\AppData\Local\Temp\jna-2105114961

VM Arguments:
jvm_args: --add-modules=ALL-SYSTEM --add-opens=java.base/java.util=ALL-UNNAMED --add-opens=java.base/java.lang=ALL-UNNAMED --add-opens=java.base/sun.nio.fs=ALL-UNNAMED -Declipse.application=org.eclipse.jdt.ls.core.id1 -Dosgi.bundles.defaultStartLevel=4 -Declipse.product=org.eclipse.jdt.ls.core.product -Djava.import.generatesMetadataFilesAtProjectRoot=false -DDetectVMInstallationsJob.disabled=true -Dfile.encoding=utf8 -XX:+UseParallelGC -XX:GCTimeRatio=4 -XX:AdaptiveSizePolicyWeight=90 -Dsun.zip.disableMemoryMapping=true -Xmx2G -Xms100m -Xlog:disable -javaagent:c:\Users\Anmol Kumar\.vscode\extensions\redhat.java-1.43.1-win32-x64\lombok\lombok-1.18.39-4050.jar -XX:+HeapDumpOnOutOfMemoryError -XX:HeapDumpPath=c:\Users\Anmol Kumar\AppData\Roaming\Code\User\workspaceStorage\935415d9083aeb168a5442e986ac461d\redhat.java -Daether.dependencyCollector.impl=bf 
java_command: c:\Users\Anmol Kumar\.vscode\extensions\redhat.java-1.43.1-win32-x64\server\plugins\org.eclipse.equinox.launcher_1.7.0.v20250519-0528.jar -configuration c:\Users\Anmol Kumar\AppData\Roaming\Code\User\globalStorage\redhat.java\1.43.1\config_win -data c:\Users\Anmol Kumar\AppData\Roaming\Code\User\workspaceStorage\935415d9083aeb168a5442e986ac461d\redhat.java\jdt_ws --pipe=\\.\pipe\lsp-45b203166952030716b794f0251bf064-sock
java_class_path (initial): c:\Users\Anmol Kumar\.vscode\extensions\redhat.java-1.43.1-win32-x64\server\plugins\org.eclipse.equinox.launcher_1.7.0.v20250519-0528.jar
Launcher Type: SUN_STANDARD

[Global flags]
    uintx AdaptiveSizePolicyWeight                 = 90                                        {product} {command line}
     intx CICompilerCount                          = 3                                         {product} {ergonomic}
    uintx GCTimeRatio                              = 4                                         {product} {command line}
     bool HeapDumpOnOutOfMemoryError               = true                                   {manageable} {command line}
    ccstr HeapDumpPath                             = c:\Users\Anmol Kumar\AppData\Roaming\Code\User\workspaceStorage\935415d9083aeb168a5442e986ac461d\redhat.java         {manageable} {command line}
   size_t InitialHeapSize                          = 104857600                                 {product} {command line}
   size_t MaxHeapSize                              = 2147483648                                {product} {command line}
   size_t MaxNewSize                               = 715653120                                 {product} {ergonomic}
   size_t MinHeapDeltaBytes                        = 524288                                    {product} {ergonomic}
   size_t MinHeapSize                              = 104857600                                 {product} {command line}
   size_t NewSize                                  = 34603008                                  {product} {ergonomic}
    uintx NonNMethodCodeHeapSize                   = 5832780                                {pd product} {ergonomic}
    uintx NonProfiledCodeHeapSize                  = 122912730                              {pd product} {ergonomic}
   size_t OldSize                                  = 70254592                                  {product} {ergonomic}
    uintx ProfiledCodeHeapSize                     = 122912730                              {pd product} {ergonomic}
    uintx ReservedCodeCacheSize                    = 251658240                              {pd product} {ergonomic}
     bool SegmentedCodeCache                       = true                                      {product} {ergonomic}
   size_t SoftMaxHeapSize                          = 2147483648                             {manageable} {ergonomic}
     bool UseCompressedOops                        = true                           {product lp64_product} {ergonomic}
     bool UseLargePagesIndividualAllocation        = false                                  {pd product} {ergonomic}
     bool UseParallelGC                            = true                                      {product} {command line}

Logging:
Log output configuration:
 #0: stdout all=off uptime,level,tags foldmultilines=false
 #1: stderr all=off uptime,level,tags foldmultilines=false

Environment Variables:
PATH=C:\Program Files\Common Files\Oracle\Java\javapath;C:\Program Files (x86)\Common Files\Intel\Shared Libraries\redist\intel64\compiler;C:\WINDOWS\system32;C:\WINDOWS;C:\WINDOWS\System32\Wbem;C:\WINDOWS\System32\WindowsPowerShell\v1.0\;C:\WINDOWS\System32\OpenSSH\;C:\Program Files\Git\cmd;C:\Program Files\Git\mingw64\bin;C:\Program Files\Git\usr\bin;C:\Program Files\nodejs\;C:\Program Files\MongoDB\Server\8.0\bin;C:\Program Files\Java\jdk-23\bin;C:\Program Files\MySQL\MySQL Shell 8.0\bin\;C:\Users\Anmol Kumar\AppData\Local\Microsoft\WindowsApps;C:\Users\Anmol Kumar\AppData\Local\Programs\Microsoft VS Code\bin;C:\Users\Anmol Kumar\AppData\Roaming\npm;C:\Program Files\mongosh\
USERNAME=Anmol Kumar
OS=Windows_NT
PROCESSOR_IDENTIFIER=Intel64 Family 6 Model 142 Stepping 9, GenuineIntel
TMP=C:\Users\ANMOLK~1\AppData\Local\Temp
TEMP=C:\Users\ANMOLK~1\AppData\Local\Temp




Periodic native trim disabled

---------------  S Y S T E M  ---------------

OS:
 Windows 10 , 64 bit Build 19041 (10.0.19041.5915)
OS uptime: 1 days 21:23 hours
Hyper-V role detected

CPU: total 4 (initial active 4) (2 cores per cpu, 2 threads per core) family 6 model 142 stepping 9 microcode 0xea, cx8, cmov, fxsr, ht, mmx, 3dnowpref, sse, sse2, sse3, ssse3, sse4.1, sse4.2, popcnt, lzcnt, tsc, tscinvbit, avx, avx2, aes, erms, clmul, bmi1, bmi2, adx, fma, vzeroupper, clflush, clflushopt, hv, rdtscp, f16c
Processor Information for the first 4 processors :
  Max Mhz: 2304, Current Mhz: 2304, Mhz Limit: 2304

Memory: 4k page, system-wide physical 7611M (210M free)
TotalPageFile size 11305M (AvailPageFile size 0M)
current process WorkingSet (physical memory assigned to process): 823M, peak: 900M
current process commit charge ("private bytes"): 812M, peak: 838M

vm_info: OpenJDK 64-Bit Server VM (21.0.7+6-LTS) for windows-amd64 JRE (21.0.7+6-LTS), built on 2025-04-15T00:00:00Z by "admin" with MS VC++ 17.7 (VS2022)

END.
